[Sat Sep 25 18:56:06 2021][main/Info] loading for downloader:1.11.1rc1
[Sat Sep 25 18:56:06 2021][main/Info] Connected to log file:log/2021-09-25-18-18-06.log
[Sat Sep 25 18:56:07 2021][main/INFO] Setting user:1
[Sat Sep 25 18:56:07 2021][main/Info] icon loaded
[Sat Sep 25 18:56:07 2021][main/Info] load settings.properties sucsess
[Sat Sep 25 18:56:07 2021][main/Info] timer initlazing sucsess
[Sat Sep 25 18:56:07 2021][main/Info] backend library:PyQt5 version 5.15.4 build on Qt 5.15.2
[Sat Sep 25 18:56:40 2021][main/Info] Downloading
[Sat Sep 25 18:56:40 2021][main/Warn] error in download:Invalid URL 'https': No schema supplied. Perhaps you meant http://https?,ignored
[Sat Sep 25 18:56:41 2021][main/Info] Downloading
[Sat Sep 25 18:56:41 2021][main/Warn] error in download:Invalid URL 'https': No schema supplied. Perhaps you meant http://https?,ignored
[Sat Sep 25 18:56:41 2021][main/Info] Downloading
[Sat Sep 25 18:56:41 2021][main/Warn] error in download:Invalid URL 'https': No schema supplied. Perhaps you meant http://https?,ignored
[Sat Sep 25 18:56:41 2021][main/Info] Downloading
[Sat Sep 25 18:56:41 2021][main/Warn] error in download:Invalid URL 'https': No schema supplied. Perhaps you meant http://https?,ignored
[Sat Sep 25 18:56:41 2021][main/Info] Downloading
[Sat Sep 25 18:56:41 2021][main/Warn] error in download:Invalid URL 'https': No schema supplied. Perhaps you meant http://https?,ignored
[Sat Sep 25 18:56:41 2021][main/Info] Downloading
[Sat Sep 25 18:56:41 2021][main/Warn] error in download:Invalid URL 'https': No schema supplied. Perhaps you meant http://https?,ignored
[Sat Sep 25 18:56:41 2021][main/Info] Downloading
[Sat Sep 25 18:56:41 2021][main/Warn] error in download:Invalid URL 'https': No schema supplied. Perhaps you meant http://https?,ignored
[Sat Sep 25 18:56:42 2021][main/Info] Downloading
[Sat Sep 25 18:56:42 2021][main/Warn] error in download:Invalid URL 'https': No schema supplied. Perhaps you meant http://https?,ignored
[Sat Sep 25 18:56:42 2021][main/Info] Downloading
[Sat Sep 25 18:56:42 2021][main/Warn] error in download:Invalid URL 'https': No schema supplied. Perhaps you meant http://https?,ignored
[Sat Sep 25 18:56:42 2021][main/Info] Downloading
[Sat Sep 25 18:56:42 2021][main/Warn] error in download:Invalid URL 'https': No schema supplied. Perhaps you meant http://https?,ignored
[Sat Sep 25 18:56:42 2021][main/Info] Downloading
[Sat Sep 25 18:56:42 2021][main/Warn] error in download:Invalid URL 'https': No schema supplied. Perhaps you meant http://https?,ignored
[Sat Sep 25 18:56:42 2021][main/Info] Downloading
[Sat Sep 25 18:56:42 2021][main/Warn] error in download:Invalid URL 'https': No schema supplied. Perhaps you meant http://https?,ignored
[Sat Sep 25 18:56:42 2021][main/Info] Downloading
[Sat Sep 25 18:56:42 2021][main/Warn] error in download:Invalid URL 'https': No schema supplied. Perhaps you meant http://https?,ignored
[Sat Sep 25 18:56:42 2021][main/Info] Downloading
[Sat Sep 25 18:56:43 2021][main/Warn] error in download:Invalid URL 'https': No schema supplied. Perhaps you meant http://https?,ignored
[Sat Sep 25 18:56:43 2021][main/Info] Downloading
[Sat Sep 25 18:56:43 2021][main/Warn] error in download:Invalid URL 'https': No schema supplied. Perhaps you meant http://https?,ignored
[Sat Sep 25 18:56:43 2021][main/Info] Downloading
[Sat Sep 25 18:56:43 2021][main/Warn] error in download:Invalid URL 'https': No schema supplied. Perhaps you meant http://https?,ignored
[Sat Sep 25 18:56:43 2021][main/Info] Downloading
[Sat Sep 25 18:56:43 2021][main/Warn] error in download:Invalid URL 'https': No schema supplied. Perhaps you meant http://https?,ignored
[Sat Sep 25 18:56:43 2021][main/Info] Downloading
[Sat Sep 25 18:56:43 2021][main/Warn] error in download:Invalid URL 'https': No schema supplied. Perhaps you meant http://https?,ignored
[Sat Sep 25 18:58:31 2021][main/Info] stopping!
