[Sat Sep 25 09:15:10 2021][main/Info] loading
[Sat Sep 25 09:15:13 2021][main/INFO] Setting user:a
[Sat Sep 25 09:15:17 2021][main/Info] icon loaded
[Sat Sep 25 09:15:17 2021][main/Info] load settings.properties sucsess
[Sat Sep 25 09:15:17 2021][main/Info] timer initlazing sucsess
[Sat Sep 25 09:15:17 2021][main/Info] backend library:PyQt5 version 5.15.4 build on Qt 5.15.2
[Sat Sep 25 09:15:39 2021][main/Info] Downloading
[Sat Sep 25 09:15:39 2021][main/Warn] error in download:Invalid URL 'https': No schema supplied. Perhaps you meant http://https?,ignored
[Sat Sep 25 09:15:40 2021][main/Info] Downloading
[Sat Sep 25 09:15:40 2021][main/Warn] error in download:Invalid URL 'https': No schema supplied. Perhaps you meant http://https?,ignored
[Sat Sep 25 09:15:40 2021][main/Info] Downloading
[Sat Sep 25 09:15:40 2021][main/Warn] error in download:Invalid URL 'https': No schema supplied. Perhaps you meant http://https?,ignored
[Sat Sep 25 09:15:41 2021][main/Info] Downloading
[Sat Sep 25 09:15:41 2021][main/Warn] error in download:Invalid URL 'https': No schema supplied. Perhaps you meant http://https?,ignored
[Sat Sep 25 09:15:41 2021][main/Info] Downloading
[Sat Sep 25 09:15:41 2021][main/Warn] error in download:Invalid URL 'https': No schema supplied. Perhaps you meant http://https?,ignored
[Sat Sep 25 09:15:41 2021][main/Info] Downloading
[Sat Sep 25 09:15:41 2021][main/Warn] error in download:Invalid URL 'https': No schema supplied. Perhaps you meant http://https?,ignored
[Sat Sep 25 09:15:41 2021][main/Info] Downloading
[Sat Sep 25 09:15:41 2021][main/Warn] error in download:Invalid URL 'https': No schema supplied. Perhaps you meant http://https?,ignored
[Sat Sep 25 09:15:41 2021][main/Info] Downloading
[Sat Sep 25 09:15:41 2021][main/Warn] error in download:Invalid URL 'https': No schema supplied. Perhaps you meant http://https?,ignored
[Sat Sep 25 09:15:41 2021][main/Info] Downloading
[Sat Sep 25 09:15:41 2021][main/Warn] error in download:Invalid URL 'https': No schema supplied. Perhaps you meant http://https?,ignored
[Sat Sep 25 09:15:42 2021][main/Info] Downloading
[Sat Sep 25 09:15:42 2021][main/Warn] error in download:Invalid URL 'https': No schema supplied. Perhaps you meant http://https?,ignored
[Sat Sep 25 09:15:42 2021][main/Info] Downloading
[Sat Sep 25 09:15:42 2021][main/Warn] error in download:Invalid URL 'https': No schema supplied. Perhaps you meant http://https?,ignored
[Sat Sep 25 09:15:42 2021][main/Info] Downloading
[Sat Sep 25 09:15:42 2021][main/Warn] error in download:Invalid URL 'https': No schema supplied. Perhaps you meant http://https?,ignored
[Sat Sep 25 09:15:42 2021][main/Info] Downloading
[Sat Sep 25 09:15:42 2021][main/Warn] error in download:Invalid URL 'https': No schema supplied. Perhaps you meant http://https?,ignored
[Sat Sep 25 09:15:42 2021][main/Info] Downloading
[Sat Sep 25 09:15:42 2021][main/Warn] error in download:Invalid URL 'https': No schema supplied. Perhaps you meant http://https?,ignored
